<?xml version="1.0" encoding="UTF-8"?>
<testng-results ignored="0" total="1" passed="1" failed="0" skipped="0">
  <reporter-output>
  </reporter-output>
  <suite started-at="2022-08-12T14:41:15 IST" name="Default suite" finished-at="2022-08-12T14:41:31 IST" duration-ms="15910">
    <groups>
    </groups>
    <test started-at="2022-08-12T14:41:15 IST" name="Default test" finished-at="2022-08-12T14:41:31 IST" duration-ms="15910">
      <class name="com.crm.framework.LifeInsuranceManagement.ClientInformationTest">
        <test-method is-config="true" signature="dbConfig()[pri:0, instance:com.crm.framework.LifeInsuranceManagement.ClientInformationTest@1e0b4072]" started-at="2022-08-12T14:41:15 IST" name="dbConfig" finished-at="2022-08-12T14:41:15 IST" duration-ms="6" status="PASS">
          <reporter-output>
          </reporter-output>
        </test-method> <!-- dbConfig -->
        <test-method is-config="true" signature="launchTheBrowser()[pri:0, instance:com.crm.framework.LifeInsuranceManagement.ClientInformationTest@1e0b4072]" started-at="2022-08-12T14:41:15 IST" name="launchTheBrowser" finished-at="2022-08-12T14:41:21 IST" duration-ms="5613" status="PASS">
          <reporter-output>
          </reporter-output>
        </test-method> <!-- launchTheBrowser -->
        <test-method is-config="true" signature="loginToAppln()[pri:0, instance:com.crm.framework.LifeInsuranceManagement.ClientInformationTest@1e0b4072]" started-at="2022-08-12T14:41:21 IST" name="loginToAppln" finished-at="2022-08-12T14:41:22 IST" duration-ms="568" status="PASS">
          <reporter-output>
          </reporter-output>
        </test-method> <!-- loginToAppln -->
        <test-method signature="LoggingtoInsurancepageTest1()[pri:0, instance:com.crm.framework.LifeInsuranceManagement.ClientInformationTest@1e0b4072]" started-at="2022-08-12T14:41:22 IST" name="LoggingtoInsurancepageTest1" finished-at="2022-08-12T14:41:31 IST" duration-ms="9328" status="PASS">
          <reporter-output>
          </reporter-output>
        </test-method> <!-- LoggingtoInsurancepageTest1 -->
        <test-method is-config="true" signature="logoutFromAppln()[pri:0, instance:com.crm.framework.LifeInsuranceManagement.ClientInformationTest@1e0b4072]" started-at="2022-08-12T14:41:31 IST" name="logoutFromAppln" finished-at="2022-08-12T14:41:31 IST" duration-ms="95" status="PASS">
          <reporter-output>
          </reporter-output>
        </test-method> <!-- logoutFromAppln -->
        <test-method is-config="true" signature="closeTheBrowser()[pri:0, instance:com.crm.framework.LifeInsuranceManagement.ClientInformationTest@1e0b4072]" started-at="2022-08-12T14:41:31 IST" name="closeTheBrowser" finished-at="2022-08-12T14:41:31 IST" duration-ms="264" status="PASS">
          <reporter-output>
          </reporter-output>
        </test-method> <!-- closeTheBrowser -->
        <test-method is-config="true" signature="closeDBconfig()[pri:0, instance:com.crm.framework.LifeInsuranceManagement.ClientInformationTest@1e0b4072]" started-at="2022-08-12T14:41:31 IST" name="closeDBconfig" finished-at="2022-08-12T14:41:31 IST" duration-ms="0" status="PASS">
          <reporter-output>
          </reporter-output>
        </test-method> <!-- closeDBconfig -->
      </class> <!-- com.crm.framework.LifeInsuranceManagement.ClientInformationTest -->
    </test> <!-- Default test -->
  </suite> <!-- Default suite -->
</testng-results>
