<?xml version="1.0" encoding="UTF-8"?>
<testng-results ignored="0" total="1" passed="1" failed="0" skipped="0">
  <reporter-output>
  </reporter-output>
  <suite started-at="2022-08-10T16:34:35 IST" name="Default suite" finished-at="2022-08-10T16:34:38 IST" duration-ms="2906">
    <groups>
    </groups>
    <test started-at="2022-08-10T16:34:35 IST" name="Default test" finished-at="2022-08-10T16:34:38 IST" duration-ms="2906">
      <class name="com.crm.framework.LifeInsuranceManagement.VerificationNomineeTest">
        <test-method is-config="true" signature="dbConfig()[pri:0, instance:com.crm.framework.LifeInsuranceManagement.VerificationNomineeTest@1e0b4072]" started-at="2022-08-10T16:34:35 IST" name="dbConfig" finished-at="2022-08-10T16:34:35 IST" duration-ms="6" status="PASS">
          <reporter-output>
          </reporter-output>
        </test-method> <!-- dbConfig -->
        <test-method is-config="true" signature="launchTheBrowser()[pri:0, instance:com.crm.framework.LifeInsuranceManagement.VerificationNomineeTest@1e0b4072]" started-at="2022-08-10T16:34:35 IST" name="launchTheBrowser" finished-at="2022-08-10T16:34:37 IST" duration-ms="2063" status="PASS">
          <reporter-output>
          </reporter-output>
        </test-method> <!-- launchTheBrowser -->
        <test-method is-config="true" signature="loginToAppln()[pri:0, instance:com.crm.framework.LifeInsuranceManagement.VerificationNomineeTest@1e0b4072]" started-at="2022-08-10T16:34:37 IST" name="loginToAppln" finished-at="2022-08-10T16:34:37 IST" duration-ms="293" status="PASS">
          <reporter-output>
          </reporter-output>
        </test-method> <!-- loginToAppln -->
        <test-method signature="VerificationNomineeTest()[pri:0, instance:com.crm.framework.LifeInsuranceManagement.VerificationNomineeTest@1e0b4072]" started-at="2022-08-10T16:34:37 IST" name="VerificationNomineeTest" finished-at="2022-08-10T16:34:38 IST" duration-ms="232" status="PASS">
          <reporter-output>
          </reporter-output>
        </test-method> <!-- VerificationNomineeTest -->
        <test-method is-config="true" signature="logoutFromAppln()[pri:0, instance:com.crm.framework.LifeInsuranceManagement.VerificationNomineeTest@1e0b4072]" started-at="2022-08-10T16:34:38 IST" name="logoutFromAppln" finished-at="2022-08-10T16:34:38 IST" duration-ms="77" status="PASS">
          <reporter-output>
          </reporter-output>
        </test-method> <!-- logoutFromAppln -->
        <test-method is-config="true" signature="closeTheBrowser()[pri:0, instance:com.crm.framework.LifeInsuranceManagement.VerificationNomineeTest@1e0b4072]" started-at="2022-08-10T16:34:38 IST" name="closeTheBrowser" finished-at="2022-08-10T16:34:38 IST" duration-ms="206" status="PASS">
          <reporter-output>
          </reporter-output>
        </test-method> <!-- closeTheBrowser -->
        <test-method is-config="true" signature="closeDBconfig()[pri:0, instance:com.crm.framework.LifeInsuranceManagement.VerificationNomineeTest@1e0b4072]" started-at="2022-08-10T16:34:38 IST" name="closeDBconfig" finished-at="2022-08-10T16:34:38 IST" duration-ms="0" status="PASS">
          <reporter-output>
          </reporter-output>
        </test-method> <!-- closeDBconfig -->
      </class> <!-- com.crm.framework.LifeInsuranceManagement.VerificationNomineeTest -->
    </test> <!-- Default test -->
  </suite> <!-- Default suite -->
</testng-results>
